<?xml version="1.0" encoding="UTF-8"?>
<!-- Generated by org.testng.reporters.JUnitXMLReporter -->
<testsuite hostname="Machine-239" name="Functional" tests="2" failures="0" timestamp="4 Aug 2020 05:34:56 GMT" time="15.742" errors="0">
  <testcase name="@AfterMethod tearDownMethod" time="0.0" classname="Testpages.Lock.LockType">
    <failure type="java.lang.NullPointerException">
      <![CDATA[java.lang.NullPointerException
	at Core.StepBase.tearDownMethod(StepBase.java:102)
	at java.util.concurrent.FutureTask.run(Unknown Source)
	at java.util.concurrent.ThreadPoolExecutor.runWorker(Unknown Source)
	at java.util.concurrent.ThreadPoolExecutor$Worker.run(Unknown Source)
	at java.lang.Thread.run(Unknown Source)
... Removed 18 stack frames]]>
    </failure>
  </testcase> <!-- @AfterMethod tearDownMethod -->
  <testcase name="@AfterMethod tearDownMethod" time="0.0" classname="Testpages.Lock.LockType">
    <skipped/>
  </testcase> <!-- @AfterMethod tearDownMethod -->
  <testcase name="@AfterTest tearDown" time="0.0" classname="Testpages.Lock.LockType">
    <skipped/>
  </testcase> <!-- @AfterTest tearDown -->
  <testcase name="testLockType" time="4.426" classname="Testpages.Lock.LockType"/>
  <testcase name="testLockTypeEdit" time="0.001" classname="Testpages.Lock.LockType">
    <skipped/>
  </testcase> <!-- testLockTypeEdit -->
</testsuite> <!-- Functional -->
