<?xml version="1.0" encoding="UTF-8"?>
<testng-results skipped="0" failed="0" ignored="1" total="2" passed="1">
  <reporter-output>
  </reporter-output>
  <suite name="Suite" duration-ms="161597" started-at="2022-05-17T11:25:06 IST" finished-at="2022-05-17T11:27:48 IST">
    <groups>
    </groups>
    <test name="end2end" duration-ms="161597" started-at="2022-05-17T11:25:06 IST" finished-at="2022-05-17T11:27:48 IST">
      <class name="Testpages.Login">
        <test-method status="PASS" signature="setupExtentReport()[pri:0, instance:Testpages.Login@4567f35d]" name="setupExtentReport" is-config="true" duration-ms="100" started-at="2022-05-17T11:25:06 IST" finished-at="2022-05-17T11:25:06 IST">
          <reporter-output>
          </reporter-output>
        </test-method> <!-- setupExtentReport -->
        <test-method status="PASS" signature="testMethod(java.lang.reflect.Method)[pri:0, instance:Testpages.Login@4567f35d]" name="testMethod" is-config="true" duration-ms="8" started-at="2022-05-17T11:25:07 IST" finished-at="2022-05-17T11:25:07 IST">
          <params>
            <param index="0">
              <value>
                <![CDATA[public void Testpages.Login.testLogin(java.lang.String,java.lang.String) throws java.lang.Exception]]>
              </value>
            </param>
          </params>
          <reporter-output>
          </reporter-output>
        </test-method> <!-- testMethod -->
        <test-method status="PASS" signature="setup(java.lang.String)[pri:0, instance:Testpages.Login@4567f35d]" name="setup" is-config="true" duration-ms="58657" started-at="2022-05-17T11:25:07 IST" finished-at="2022-05-17T11:26:05 IST">
          <params>
            <param index="0">
              <value>
                <![CDATA[chrome]]>
              </value>
            </param>
          </params>
          <reporter-output>
          </reporter-output>
        </test-method> <!-- setup -->
        <test-method status="PASS" signature="testLogin(java.lang.String,java.lang.String)[pri:1, instance:Testpages.Login@4567f35d]" name="testLogin" duration-ms="101616" started-at="2022-05-17T11:26:05 IST" data-provider="credentials" finished-at="2022-05-17T11:27:47 IST">
          <params>
            <param index="0">
              <value>
                <![CDATA[admin]]>
              </value>
            </param>
            <param index="1">
              <value>
                <![CDATA[super]]>
              </value>
            </param>
          </params>
          <reporter-output>
          </reporter-output>
        </test-method> <!-- testLogin -->
        <test-method status="PASS" signature="tearDown()[pri:0, instance:Testpages.Login@4567f35d]" name="tearDown" is-config="true" duration-ms="690" started-at="2022-05-17T11:27:47 IST" finished-at="2022-05-17T11:27:48 IST">
          <reporter-output>
          </reporter-output>
        </test-method> <!-- tearDown -->
        <test-method status="PASS" signature="tearDownMethod(org.testng.ITestResult)[pri:0, instance:Testpages.Login@4567f35d]" name="tearDownMethod" is-config="true" duration-ms="3" started-at="2022-05-17T11:27:48 IST" finished-at="2022-05-17T11:27:48 IST">
          <params>
            <param index="0">
              <value>
                <![CDATA[[TestResult name=testLogin status=SUCCESS method=Login.testLogin(java.lang.String,java.lang.String)[pri:1, instance:Testpages.Login@4567f35d] output={null}]]]>
              </value>
            </param>
          </params>
          <reporter-output>
          </reporter-output>
        </test-method> <!-- tearDownMethod -->
        <test-method status="PASS" signature="afterClass()[pri:0, instance:Testpages.Login@4567f35d]" name="afterClass" is-config="true" duration-ms="223" started-at="2022-05-17T11:27:48 IST" finished-at="2022-05-17T11:27:48 IST">
          <reporter-output>
          </reporter-output>
        </test-method> <!-- afterClass -->
      </class> <!-- Testpages.Login -->
    </test> <!-- end2end -->
  </suite> <!-- Suite -->
</testng-results>
